2025-07-17 14:51:16 [main] ERROR o.h.e.jdbc.spi.SqlExceptionHelper - Unique index or primary key violation: "PUBLIC.CONSTRAINT_INDEX_3 ON PUBLIC.ATTENDANCES(MEETING_ID NULLS FIRST, MEMBER_ID NULLS FIRST) VALUES ( /* key:17 */ CAST(17 AS BIGINT), CAST(15 AS BIGINT))"; SQL statement:
insert into attendances (arrival_time,departure_time,meeting_id,member_id,present,id) values (?,?,?,?,?,default) [23505-224]
2025-07-17 14:51:18 [main] ERROR o.h.e.jdbc.spi.SqlExceptionHelper - Unique index or primary key violation: "PUBLIC.CONSTRAINT_INDEX_4D ON PUBLIC.USERS(USERNAME NULLS FIRST) VALUES ( /* 87 */ 'student1' )"; SQL statement:
insert into users (account_non_expired,account_non_locked,age,created_at,credentials_non_expired,email,enabled,first_name,last_login,last_name,mfa_enabled,parent_email,parental_consent_date,parental_consent_token,password,requires_parental_consent,role,totp_secret,updated_at,username,id) values (?,?,?,?,?,?,?,?,?,?,?,?,?,?,?,?,?,?,?,?,default) [23505-224]
2025-07-17 14:51:18 [main] ERROR o.h.e.jdbc.spi.SqlExceptionHelper - Unique index or primary key violation: "PUBLIC.CONSTRAINT_INDEX_4 ON PUBLIC.USERS(EMAIL NULLS FIRST) VALUES ( /* 98 */ 'student@frcteam.org' )"; SQL statement:
insert into users (account_non_expired,account_non_locked,age,created_at,credentials_non_expired,email,enabled,first_name,last_login,last_name,mfa_enabled,parent_email,parental_consent_date,parental_consent_token,password,requires_parental_consent,role,totp_secret,updated_at,username,id) values (?,?,?,?,?,?,?,?,?,?,?,?,?,?,?,?,?,?,?,?,default) [23505-224]
2025-07-17 14:51:19 [main] ERROR o.h.e.jdbc.spi.SqlExceptionHelper - Unique index or primary key violation: "PUBLIC.CONSTRAINT_INDEX_371 ON PUBLIC.TEAM_MEMBERS(USERNAME NULLS FIRST) VALUES ( /* 38 */ 'testuser' )"; SQL statement:
insert into team_members (email,first_name,last_name,is_leader,phone,skills,subteam_id,user_id,username,id) values (?,?,?,?,?,?,?,?,?,default) [23505-224]
2025-07-17 14:51:20 [main] WARN  org.frcpm.security.MFAService - MFA disabled by admin admin1 for user: mentor2
2025-07-17 14:51:20 [main] INFO  org.frcpm.security.MFAService - MFA setup completed for user: mentor1
2025-07-17 14:51:20 [main] ERROR org.frcpm.security.MFAService - Failed to enable MFA for user mentor1: Database error
2025-07-17 14:51:20 [main] INFO  o.f.security.SecurityIntegrationTest - Starting SecurityIntegrationTest using Java 21.0.7 with PID 25164 (started by dhiebert in C:\Users\dhiebert\Local Repositories\Project Management 2.0)
2025-07-17 14:51:20 [main] DEBUG o.f.security.SecurityIntegrationTest - Running with Spring Boot v3.2.0, Spring v6.1.1
2025-07-17 14:51:20 [main] INFO  o.f.security.SecurityIntegrationTest - The following 1 profile is active: "test"
2025-07-17 14:51:22 [main] INFO  o.f.security.SecurityIntegrationTest - Started SecurityIntegrationTest in 1.911 seconds (process running for 15.517)
2025-07-17 14:51:23 [main] ERROR o.f.services.impl.AuditServiceImpl - Failed to save COPPA audit log: Database error
2025-07-17 14:51:23 [main] WARN  o.f.services.impl.AuditServiceImpl - Failed to capture request details for audit log: Request access failed
2025-07-17 14:51:23 [main] ERROR o.f.services.impl.AuditServiceImpl - Failed to save COPPA audit log: Database connection failed
2025-07-17 14:51:23 [main] WARN  o.f.s.i.COPPAComplianceServiceImpl - Account activation failed for user under 13: minor - hasConsent: false, hasParentEmail: true
2025-07-17 14:51:23 [main] WARN  o.f.s.i.COPPAComplianceServiceImpl - Cannot initiate consent process - no parent email for user: minor
2025-07-17 14:51:23 [main] WARN  o.f.s.i.COPPAComplianceServiceImpl - Disabled account for user minor due to missing parental consent
2025-07-17 14:51:24 [main] WARN  o.f.s.impl.GanttDataServiceImpl - Project not found with ID: 999
2025-07-17 14:51:24 [main] WARN  o.f.s.impl.GanttDataServiceImpl - Project not found with ID: 999
2025-07-17 14:51:24 [main] WARN  o.f.s.impl.GanttDataServiceImpl - Project not found with ID: 999
2025-07-17 14:51:24 [main] WARN  o.f.s.impl.GanttDataServiceImpl - Project not found with ID: 999
2025-07-17 14:51:24 [main] WARN  o.f.services.impl.ProjectServiceImpl - Cannot get summary for null project ID
2025-07-17 14:51:24 [main] WARN  o.f.services.impl.ProjectServiceImpl - Project not found with ID: 99
2025-07-17 14:51:24 [main] WARN  o.f.services.impl.ProjectServiceImpl - Project not found with ID: 99
2025-07-17 14:51:24 [main] WARN  o.f.services.impl.TaskServiceImpl - Task not found with ID: 999
2025-07-17 14:51:24 [main] WARN  o.f.services.impl.TaskServiceImpl - Project not found with ID: 999
2025-07-17 14:51:24 [main] WARN  o.f.services.impl.TaskServiceImpl - removeDependency called - should use TaskDependencyService instead
2025-07-17 14:51:24 [main] WARN  o.f.services.impl.TaskServiceImpl - Task not found with ID: 999
2025-07-17 14:51:24 [main] WARN  o.f.services.impl.TaskServiceImpl - Task not found with ID: 999
2025-07-17 14:51:24 [main] WARN  o.f.services.impl.TaskServiceImpl - addDependency called - should use TaskDependencyService instead
2025-07-17 14:51:24 [main] WARN  o.f.s.impl.TeamMemberServiceImpl - Team member not found with ID: 999
2025-07-17 14:51:24 [main] WARN  o.f.s.impl.TeamMemberServiceImpl - Team member not found with ID: 999
2025-07-17 14:51:24 [main] WARN  o.f.s.impl.TeamMemberServiceImpl - Team member not found with ID: 999
2025-07-17 14:51:24 [main] WARN  o.f.s.impl.TeamMemberServiceImpl - Subteam not found with ID: 999
2025-07-17 14:54:45 [main] ERROR o.h.e.jdbc.spi.SqlExceptionHelper - Unique index or primary key violation: "PUBLIC.CONSTRAINT_INDEX_3 ON PUBLIC.ATTENDANCES(MEETING_ID NULLS FIRST, MEMBER_ID NULLS FIRST) VALUES ( /* key:17 */ CAST(17 AS BIGINT), CAST(15 AS BIGINT))"; SQL statement:
insert into attendances (arrival_time,departure_time,meeting_id,member_id,present,id) values (?,?,?,?,?,default) [23505-224]
2025-07-17 14:54:48 [main] ERROR o.h.e.jdbc.spi.SqlExceptionHelper - Unique index or primary key violation: "PUBLIC.CONSTRAINT_INDEX_4D ON PUBLIC.USERS(USERNAME NULLS FIRST) VALUES ( /* 87 */ 'student1' )"; SQL statement:
insert into users (account_non_expired,account_non_locked,age,created_at,credentials_non_expired,email,enabled,first_name,last_login,last_name,mfa_enabled,parent_email,parental_consent_date,parental_consent_token,password,requires_parental_consent,role,totp_secret,updated_at,username,id) values (?,?,?,?,?,?,?,?,?,?,?,?,?,?,?,?,?,?,?,?,default) [23505-224]
2025-07-17 14:54:48 [main] ERROR o.h.e.jdbc.spi.SqlExceptionHelper - Unique index or primary key violation: "PUBLIC.CONSTRAINT_INDEX_4 ON PUBLIC.USERS(EMAIL NULLS FIRST) VALUES ( /* 98 */ 'student@frcteam.org' )"; SQL statement:
insert into users (account_non_expired,account_non_locked,age,created_at,credentials_non_expired,email,enabled,first_name,last_login,last_name,mfa_enabled,parent_email,parental_consent_date,parental_consent_token,password,requires_parental_consent,role,totp_secret,updated_at,username,id) values (?,?,?,?,?,?,?,?,?,?,?,?,?,?,?,?,?,?,?,?,default) [23505-224]
2025-07-17 14:54:48 [main] ERROR o.h.e.jdbc.spi.SqlExceptionHelper - Unique index or primary key violation: "PUBLIC.CONSTRAINT_INDEX_371 ON PUBLIC.TEAM_MEMBERS(USERNAME NULLS FIRST) VALUES ( /* 42 */ 'testuser' )"; SQL statement:
insert into team_members (email,first_name,last_name,is_leader,phone,skills,subteam_id,user_id,username,id) values (?,?,?,?,?,?,?,?,?,default) [23505-224]
2025-07-17 14:54:49 [main] WARN  org.frcpm.security.MFAService - MFA disabled by admin admin1 for user: mentor2
2025-07-17 14:54:49 [main] INFO  org.frcpm.security.MFAService - MFA setup completed for user: mentor1
2025-07-17 14:54:49 [main] ERROR org.frcpm.security.MFAService - Failed to enable MFA for user mentor1: Database error
2025-07-17 14:54:49 [main] INFO  o.f.security.SecurityIntegrationTest - Starting SecurityIntegrationTest using Java 21.0.7 with PID 21956 (started by dhiebert in C:\Users\dhiebert\Local Repositories\Project Management 2.0)
2025-07-17 14:54:49 [main] DEBUG o.f.security.SecurityIntegrationTest - Running with Spring Boot v3.2.0, Spring v6.1.1
2025-07-17 14:54:49 [main] INFO  o.f.security.SecurityIntegrationTest - The following 1 profile is active: "test"
2025-07-17 14:54:51 [main] INFO  o.f.security.SecurityIntegrationTest - Started SecurityIntegrationTest in 1.995 seconds (process running for 14.83)
2025-07-17 14:54:52 [main] ERROR o.f.services.impl.AuditServiceImpl - Failed to save COPPA audit log: Database error
2025-07-17 14:54:52 [main] WARN  o.f.services.impl.AuditServiceImpl - Failed to capture request details for audit log: Request access failed
2025-07-17 14:54:52 [main] ERROR o.f.services.impl.AuditServiceImpl - Failed to save COPPA audit log: Database connection failed
2025-07-17 14:54:53 [main] WARN  o.f.s.i.COPPAComplianceServiceImpl - Account activation failed for user under 13: minor - hasConsent: false, hasParentEmail: true
2025-07-17 14:54:53 [main] WARN  o.f.s.i.COPPAComplianceServiceImpl - Cannot initiate consent process - no parent email for user: minor
2025-07-17 14:54:53 [main] WARN  o.f.s.i.COPPAComplianceServiceImpl - Disabled account for user minor due to missing parental consent
2025-07-17 14:54:53 [main] WARN  o.f.s.impl.GanttDataServiceImpl - Project not found with ID: 999
2025-07-17 14:54:53 [main] WARN  o.f.s.impl.GanttDataServiceImpl - Project not found with ID: 999
2025-07-17 14:54:53 [main] WARN  o.f.s.impl.GanttDataServiceImpl - Project not found with ID: 999
2025-07-17 14:54:53 [main] WARN  o.f.s.impl.GanttDataServiceImpl - Project not found with ID: 999
2025-07-17 14:54:53 [main] WARN  o.f.services.impl.ProjectServiceImpl - Cannot get summary for null project ID
2025-07-17 14:54:53 [main] WARN  o.f.services.impl.ProjectServiceImpl - Project not found with ID: 99
2025-07-17 14:54:53 [main] WARN  o.f.services.impl.ProjectServiceImpl - Project not found with ID: 99
2025-07-17 14:54:53 [main] WARN  o.f.services.impl.TaskServiceImpl - Task not found with ID: 999
2025-07-17 14:54:53 [main] WARN  o.f.services.impl.TaskServiceImpl - Project not found with ID: 999
2025-07-17 14:54:53 [main] WARN  o.f.services.impl.TaskServiceImpl - removeDependency called - should use TaskDependencyService instead
2025-07-17 14:54:53 [main] WARN  o.f.services.impl.TaskServiceImpl - Task not found with ID: 999
2025-07-17 14:54:53 [main] WARN  o.f.services.impl.TaskServiceImpl - Task not found with ID: 999
2025-07-17 14:54:53 [main] WARN  o.f.services.impl.TaskServiceImpl - addDependency called - should use TaskDependencyService instead
2025-07-17 14:54:53 [main] WARN  o.f.s.impl.TeamMemberServiceImpl - Team member not found with ID: 999
2025-07-17 14:54:53 [main] WARN  o.f.s.impl.TeamMemberServiceImpl - Team member not found with ID: 999
2025-07-17 14:54:53 [main] WARN  o.f.s.impl.TeamMemberServiceImpl - Team member not found with ID: 999
2025-07-17 14:54:53 [main] WARN  o.f.s.impl.TeamMemberServiceImpl - Subteam not found with ID: 999
